<?xml version="1.0" encoding="UTF-8"?>
<testng-results ignored="0" total="3" passed="3" failed="0" skipped="0">
  <reporter-output>
  </reporter-output>
  <suite started-at="2023-02-20T22:29:15 IST" name="d" finished-at="2023-02-20T22:29:16 IST" duration-ms="297">
    <groups>
    </groups>
    <test started-at="2023-02-20T22:29:15 IST" name="h" finished-at="2023-02-20T22:29:16 IST" duration-ms="297">
      <class name="datadrivenOnline.login">
        <test-method signature="before()[pri:0, instance:datadrivenOnline.login@4e31276e]" started-at="2023-02-20T22:29:15 IST" name="before" finished-at="2023-02-20T22:29:15 IST" duration-ms="43" status="PASS">
          <reporter-output>
          </reporter-output>
        </test-method> <!-- before -->
        <test-method signature="start()[pri:0, instance:datadrivenOnline.login@4e31276e]" started-at="2023-02-20T22:29:15 IST" name="start" finished-at="2023-02-20T22:29:15 IST" duration-ms="4" status="PASS">
          <reporter-output>
          </reporter-output>
        </test-method> <!-- start -->
        <test-method signature="tart()[pri:0, instance:datadrivenOnline.login@4e31276e]" started-at="2023-02-20T22:29:15 IST" name="tart" finished-at="2023-02-20T22:29:15 IST" duration-ms="9" status="PASS">
          <reporter-output>
          </reporter-output>
        </test-method> <!-- tart -->
      </class> <!-- datadrivenOnline.login -->
    </test> <!-- h -->
  </suite> <!-- d -->
</testng-results>
